<?xml version="1.0" encoding="UTF-8"?>
<!-- Generated by org.testng.reporters.JUnitXMLReporter -->
<testsuite ignored="0" hostname="Flynn" failures="0" tests="6" name="Default test" time="0.072" errors="0" timestamp="2023-09-03T15:45:06 IST">
  <testcase classname="testNgPack.TestNgClass1" name="@BeforeTest openBrowser" time="-1.693736106517E9">
    <failure type="org.testng.TestNGException" message="
Parameter &amp;apos;browser&amp;apos; is required by BeforeTest on method openBrowser but has not been marked @Optional or defined
in C:\Users\siddr\AppData\Local\Temp\testng-eclipse--1410996481\testng-customsuite.xml">
      <![CDATA[org.testng.TestNGException: 
Parameter 'browser' is required by BeforeTest on method openBrowser but has not been marked @Optional or defined
in C:\Users\siddr\AppData\Local\Temp\testng-eclipse--1410996481\testng-customsuite.xml
at org.testng.internal.Parameters.createParams(Parameters.java:270)
at org.testng.internal.Parameters.createParametersForMethod(Parameters.java:358)
at org.testng.internal.Parameters.createParameters(Parameters.java:700)
at org.testng.internal.Parameters.createConfigurationParameters(Parameters.java:168)
at org.testng.internal.ConfigInvoker.invokeConfigurations(ConfigInvoker.java:302)
at org.testng.TestRunner.invokeTestConfigurations(TestRunner.java:637)
at org.testng.TestRunner.beforeRun(TestRunner.java:627)
at org.testng.TestRunner.run(TestRunner.java:589)
at org.testng.SuiteRunner.runTest(SuiteRunner.java:377)
at org.testng.SuiteRunner.runSequentially(SuiteRunner.java:371)
at org.testng.SuiteRunner.privateRun(SuiteRunner.java:332)
at org.testng.SuiteRunner.run(SuiteRunner.java:276)
at org.testng.SuiteRunnerWorker.runSuite(SuiteRunnerWorker.java:53)
at org.testng.SuiteRunnerWorker.run(SuiteRunnerWorker.java:96)
at org.testng.TestNG.runSuitesSequentially(TestNG.java:1212)
at org.testng.TestNG.runSuitesLocally(TestNG.java:1134)
at org.testng.TestNG.runSuites(TestNG.java:1063)
at org.testng.TestNG.run(TestNG.java:1031)
at org.testng.remote.AbstractRemoteTestNG.run(AbstractRemoteTestNG.java:115)
at org.testng.remote.RemoteTestNG.initAndRun(RemoteTestNG.java:251)
at org.testng.remote.RemoteTestNG.main(RemoteTestNG.java:77)
]]>
    </failure>
  </testcase> <!-- @BeforeTest openBrowser -->
  <testcase classname="testNgPack.TestNgClass1" name="@BeforeClass defaultDriver" time="-1.693736106543E9">
    <skipped/>
  </testcase> <!-- @BeforeClass defaultDriver -->
  <testcase classname="testNgPack.TestNgClass1" name="@BeforeMethod beforeMethod" time="-1.693736106558E9">
    <skipped/>
  </testcase> <!-- @BeforeMethod beforeMethod -->
  <testcase classname="testNgPack.TestNgClass1" name="@AfterMethod afterMethod" time="-1.693736106565E9">
    <skipped/>
  </testcase> <!-- @AfterMethod afterMethod -->
  <testcase classname="testNgPack.TestNgClass1" name="@BeforeMethod beforeMethod" time="-1.693736106566E9">
    <skipped/>
  </testcase> <!-- @BeforeMethod beforeMethod -->
  <testcase classname="testNgPack.TestNgClass1" name="@AfterMethod afterMethod" time="-1.693736106568E9">
    <skipped/>
  </testcase> <!-- @AfterMethod afterMethod -->
  <testcase classname="testNgPack.TestNgClass1" name="@BeforeMethod beforeMethod" time="-1.693736106568E9">
    <skipped/>
  </testcase> <!-- @BeforeMethod beforeMethod -->
  <testcase classname="testNgPack.TestNgClass1" name="@AfterMethod afterMethod" time="-1.69373610657E9">
    <skipped/>
  </testcase> <!-- @AfterMethod afterMethod -->
  <testcase classname="testNgPack.TestNgClass1" name="@BeforeMethod beforeMethod" time="-1.693736106571E9">
    <skipped/>
  </testcase> <!-- @BeforeMethod beforeMethod -->
  <testcase classname="testNgPack.TestNgClass1" name="@AfterMethod afterMethod" time="-1.693736106574E9">
    <skipped/>
  </testcase> <!-- @AfterMethod afterMethod -->
  <testcase classname="testNgPack.TestNgClass1" name="@BeforeMethod beforeMethod" time="-1.693736106575E9">
    <skipped/>
  </testcase> <!-- @BeforeMethod beforeMethod -->
  <testcase classname="testNgPack.TestNgClass1" name="@AfterMethod afterMethod" time="-1.693736106578E9">
    <skipped/>
  </testcase> <!-- @AfterMethod afterMethod -->
  <testcase classname="testNgPack.TestNgClass1" name="@BeforeMethod beforeMethod" time="-1.693736106579E9">
    <skipped/>
  </testcase> <!-- @BeforeMethod beforeMethod -->
  <testcase classname="testNgPack.TestNgClass1" name="@AfterMethod afterMethod" time="-1.693736106582E9">
    <skipped/>
  </testcase> <!-- @AfterMethod afterMethod -->
  <testcase classname="testNgPack.TestNgClass1" name="@AfterClass afterclass" time="-1.693736106584E9">
    <skipped/>
  </testcase> <!-- @AfterClass afterclass -->
  <testcase classname="testNgPack.TestNgClass1" name="@AfterTest afterTest" time="-1.693736106586E9">
    <skipped/>
  </testcase> <!-- @AfterTest afterTest -->
  <testcase classname="testNgPack.TestNgClass1" name="Test1" time="0.0">
    <skipped/>
  </testcase> <!-- Test1 -->
  <testcase classname="testNgPack.TestNgClass1" name="Test2" time="0.0">
    <skipped/>
  </testcase> <!-- Test2 -->
  <testcase classname="testNgPack.TestNgClass1" name="Test3" time="0.0">
    <skipped/>
  </testcase> <!-- Test3 -->
  <testcase classname="testNgPack.TestNgClass1" name="Test4" time="0.0">
    <skipped/>
  </testcase> <!-- Test4 -->
  <testcase classname="testNgPack.TestNgClass1" name="Test5" time="0.0">
    <skipped/>
  </testcase> <!-- Test5 -->
  <testcase classname="testNgPack.TestNgClass1" name="Test6" time="0.0">
    <skipped/>
  </testcase> <!-- Test6 -->
</testsuite> <!-- Default test -->
